
  .   ____          _            __ _ _
 /\\ / ___'_ __ _ _(_)_ __  __ _ \ \ \ \
( ( )\___ | '_ | '_| | '_ \/ _` | \ \ \ \
 \\/  ___)| |_)| | | | | || (_| |  ) ) ) )
  '  |____| .__|_| |_|_| |_\__, | / / / /
 =========|_|==============|___/=/_/_/_/

 :: Spring Boot ::               (v3.5.13)

2026-04-28T10:37:05.680-04:00  INFO 456 --- [           main] com.mtgcards.MtgCardsApplication         : Starting MtgCardsApplication v0.0.1-SNAPSHOT using Java 21.0.11 with PID 456 (C:\Users\cjone\magic\mtg2\backend\target\mtgcards-backend-0.0.1-SNAPSHOT.jar started by cjone in C:\Users\cjone\magic\mtg2\backend)
2026-04-28T10:37:05.683-04:00  INFO 456 --- [           main] com.mtgcards.MtgCardsApplication         : No active profile set, falling back to 1 default profile: "default"
2026-04-28T10:37:06.822-04:00  INFO 456 --- [           main] o.s.b.w.embedded.tomcat.TomcatWebServer  : Tomcat initialized with port 8080 (http)
2026-04-28T10:37:06.838-04:00  INFO 456 --- [           main] o.apache.catalina.core.StandardService   : Starting service [Tomcat]
2026-04-28T10:37:06.838-04:00  INFO 456 --- [           main] o.apache.catalina.core.StandardEngine    : Starting Servlet engine: [Apache Tomcat/10.1.53]
2026-04-28T10:37:06.875-04:00  INFO 456 --- [           main] o.a.c.c.C.[Tomcat].[localhost].[/]       : Initializing Spring embedded WebApplicationContext
2026-04-28T10:37:06.876-04:00  INFO 456 --- [           main] w.s.c.ServletWebServerApplicationContext : Root WebApplicationContext: initialization completed in 1144 ms
2026-04-28T10:37:07.507-04:00  INFO 456 --- [           main] o.s.b.w.embedded.tomcat.TomcatWebServer  : Tomcat started on port 8080 (http) with context path '/'
2026-04-28T10:37:07.525-04:00  INFO 456 --- [           main] com.mtgcards.MtgCardsApplication         : Started MtgCardsApplication in 2.389 seconds (process running for 2.853)
2026-04-28T10:37:41.244-04:00  INFO 456 --- [nio-8080-exec-1] o.a.c.c.C.[Tomcat].[localhost].[/]       : Initializing Spring DispatcherServlet 'dispatcherServlet'
2026-04-28T10:37:41.245-04:00  INFO 456 --- [nio-8080-exec-1] o.s.web.servlet.DispatcherServlet        : Initializing Servlet 'dispatcherServlet'
2026-04-28T10:37:41.246-04:00  INFO 456 --- [nio-8080-exec-1] o.s.web.servlet.DispatcherServlet        : Completed initialization in 1 ms
2026-04-28T10:37:41.271-04:00  INFO 456 --- [nio-8080-exec-1] com.zaxxer.hikari.HikariDataSource       : HikariPool-1 - Starting...
2026-04-28T10:37:41.423-04:00  INFO 456 --- [nio-8080-exec-1] com.zaxxer.hikari.pool.HikariPool        : HikariPool-1 - Added connection com.mysql.cj.jdbc.ConnectionImpl@6095b61d
2026-04-28T10:37:41.425-04:00  INFO 456 --- [nio-8080-exec-1] com.zaxxer.hikari.HikariDataSource       : HikariPool-1 - Start completed.
